02:11:33: Start landing
02:11:33: State: init
02:11:33: State: descent
02:11:45: State: landing
02:11:45: trueRadar: 1550.94150292969
02:11:45: safeThrust: 133.272246551514
02:11:45: maxDeceleration: 11.0384812954533
02:11:46: stopDistance: 5.30107455097024
02:11:46: idealThrottle: 0.00354328461992417
02:11:46: impactTime: 140.797714807585
02:11:46: ------------------------------------
02:11:46: trueRadar: 1550.04697167969
02:11:46: safeThrust: 133.270534515381
02:11:46: maxDeceleration: 11.0385478294743
02:11:46: stopDistance: 6.30416502466354
02:11:46: idealThrottle: 0.00406769248476468
02:11:46: impactTime: 129.200646498396
02:11:46: ------------------------------------
02:11:46: trueRadar: 1549.08933007812
02:11:46: safeThrust: 133.268705749512
02:11:46: maxDeceleration: 11.0394468232351
02:11:46: stopDistance: 7.16988813969784
02:11:46: idealThrottle: 0.00462919852946265
02:11:46: impactTime: 121.189957629186
02:11:46: ------------------------------------
02:11:46: trueRadar: 1548.06906640625
02:11:46: safeThrust: 133.266747283936
02:11:46: maxDeceleration: 11.0403442928628
02:11:46: stopDistance: 8.09166940271411
02:11:46: idealThrottle: 0.00522783918923876
02:11:46: impactTime: 114.098624362605
02:11:46: ------------------------------------
02:11:46: trueRadar: 1546.9855703125
02:11:46: safeThrust: 133.264672088623
02:11:46: maxDeceleration: 11.041222046741
02:11:46: stopDistance: 9.06946082099415
02:11:46: idealThrottle: 0.00586373185250208
02:11:46: impactTime: 107.776868862761
02:11:46: ------------------------------------
02:11:46: trueRadar: 1545.83933007812
02:11:46: safeThrust: 133.262480163574
02:11:46: maxDeceleration: 11.0420831928087
02:11:46: stopDistance: 10.1031782696091
02:11:46: idealThrottle: 0.00653697880405258
02:11:46: impactTime: 102.105999162613
02:11:46: ------------------------------------
02:11:46: trueRadar: 1544.62827050781
02:11:46: safeThrust: 133.260171508789
02:11:46: maxDeceleration: 11.0429246165285
02:11:46: stopDistance: 11.1927037001524
02:11:46: idealThrottle: 0.00724767416147737
02:11:46: impactTime: 96.9906908757192
02:11:46: ------------------------------------
02:11:46: trueRadar: 1543.35507714844
02:11:46: safeThrust: 133.257746124268
02:11:46: maxDeceleration: 11.0435284657837
02:11:46: stopDistance: 12.3376399630749
02:11:46: idealThrottle: 0.00799574036864624
02:11:46: impactTime: 92.3558042916484
02:11:46: ------------------------------------
02:11:46: trueRadar: 1542.01694238281
02:11:46: safeThrust: 133.255191040039
02:11:46: maxDeceleration: 11.0437992908804
02:11:46: stopDistance: 13.5376381227846
02:11:46: idealThrottle: 0.00878113628578116
02:11:46: impactTime: 88.135173695995
02:11:46: ------------------------------------
02:11:46: trueRadar: 1540.61484277344
02:11:46: safeThrust: 133.252506256104
02:11:46: maxDeceleration: 11.0441681063278
02:11:46: stopDistance: 14.7928614785914
02:11:46: idealThrottle: 0.00960417012418355
02:11:46: impactTime: 84.2746125260283
02:11:46: ------------------------------------
02:11:46: trueRadar: 1539.14816796875
02:11:46: safeThrust: 133.249717712402
02:11:46: maxDeceleration: 11.0446109758264
02:11:46: stopDistance: 16.1026155255499
02:11:46: idealThrottle: 0.0104645928470718
02:11:46: impactTime: 80.7310041637608
02:11:46: ------------------------------------
02:11:46: trueRadar: 1537.61618554687
02:11:46: safeThrust: 133.246825408936
02:11:46: maxDeceleration: 11.0450890042971
02:11:46: stopDistance: 17.46635924827
02:11:46: idealThrottle: 0.0113622780302971
02:11:46: impactTime: 77.4675135618688
02:11:46: ------------------------------------
02:11:46: trueRadar: 1536.01999414062
02:11:46: safeThrust: 133.243790435791
02:11:46: maxDeceleration: 11.0455525274601
02:11:46: stopDistance: 18.8834725105678
02:11:46: idealThrottle: 0.0122970480790833
02:11:46: impactTime: 74.4527249784159
02:11:46: ------------------------------------
02:11:47: trueRadar: 1534.35800683594
02:11:47: safeThrust: 133.240664672852
02:11:47: maxDeceleration: 11.0459940983052
02:11:47: stopDistance: 20.3533131358632
02:11:47: idealThrottle: 0.013268718406255
02:11:47: impactTime: 71.6596224952658
02:11:47: ------------------------------------
02:11:47: trueRadar: 1532.63034570312
02:11:47: safeThrust: 133.237409210205
02:11:47: maxDeceleration: 11.0463967257348
02:11:47: stopDistance: 21.8753264117466
02:11:47: idealThrottle: 0.0142771831422673
02:11:47: impactTime: 69.064783209237
02:11:47: ------------------------------------
02:11:47: trueRadar: 1530.83652246094
02:11:47: safeThrust: 133.234024047852
02:11:47: maxDeceleration: 11.0465268855604
02:11:47: stopDistance: 23.4492308018007
02:11:47: idealThrottle: 0.0153225100388354
02:11:47: impactTime: 66.648446918919
02:11:47: ------------------------------------
02:11:47: trueRadar: 1528.97787988281
02:11:47: safeThrust: 133.230535125732
02:11:47: maxDeceleration: 11.0462827467159
02:11:47: stopDistance: 25.0749656253678
02:11:47: idealThrottle: 0.0164049237754764
02:11:47: impactTime: 64.3915854455018
02:11:47: ------------------------------------
02:11:47: trueRadar: 1527.05429589844
02:11:47: safeThrust: 133.226942443848
02:11:47: maxDeceleration: 11.0461640256309
02:11:47: stopDistance: 26.7518111028685
02:11:47: idealThrottle: 0.0175242037552696
02:11:47: impactTime: 62.2782499695212
02:11:47: ------------------------------------
02:11:47: trueRadar: 1525.06711328125
02:11:47: safeThrust: 133.223220062256
02:11:47: maxDeceleration: 11.0462320546032
02:11:47: stopDistance: 28.4795065291747
02:11:47: idealThrottle: 0.0186804726270284
02:11:47: impactTime: 60.2949629661839
02:11:47: ------------------------------------
02:11:47: trueRadar: 1523.01657617187
02:11:47: safeThrust: 133.219380950928
02:11:47: maxDeceleration: 11.0464094802876
02:11:47: stopDistance: 30.2579505635957
02:11:47: idealThrottle: 0.0198739295979943
02:11:47: impactTime: 58.429901996926
02:11:47: ------------------------------------
02:11:47: trueRadar: 1520.90512597656
02:11:47: safeThrust: 133.215438079834
02:11:47: maxDeceleration: 11.0465551046637
02:11:47: stopDistance: 32.0873410276246
02:11:47: idealThrottle: 0.0211049913959734
02:11:47: impactTime: 56.6723139936959
02:11:47: ------------------------------------
02:11:47: trueRadar: 1518.73178613281
02:11:47: safeThrust: 133.211365509033
02:11:47: maxDeceleration: 11.0466601914512
02:11:47: stopDistance: 33.9676256059479
02:11:47: idealThrottle: 0.0223739294973171
02:11:47: impactTime: 55.0128343381069
02:11:47: ------------------------------------
02:11:47: trueRadar: 1516.49765527344
02:11:47: safeThrust: 133.207176208496
02:11:47: maxDeceleration: 11.0467174240611
02:11:47: stopDistance: 35.8999403920915
02:11:47: idealThrottle: 0.0236818058599892
02:11:47: impactTime: 53.4423220795366
02:11:47: ------------------------------------
02:11:47: trueRadar: 1514.20285546875
02:11:47: safeThrust: 133.202870178223
02:11:47: maxDeceleration: 11.0467423689838
02:11:47: stopDistance: 37.8843484969883
02:11:47: idealThrottle: 0.0250289778649081
02:11:47: impactTime: 51.9534971438078
02:11:47: ------------------------------------
02:11:47: trueRadar: 1511.84799707031
02:11:47: safeThrust: 133.198447418213
02:11:47: maxDeceleration: 11.0468611581887
02:11:47: stopDistance: 39.9196703761677
02:11:47: idealThrottle: 0.0264150015198419
02:11:47: impactTime: 50.5404586163829
02:11:47: ------------------------------------
02:11:47: trueRadar: 1509.43369042969
02:11:47: safeThrust: 133.193894958496
02:11:47: maxDeceleration: 11.0470655443103
02:11:48: stopDistance: 42.0070321132649
02:11:48: idealThrottle: 0.0278409710397483
02:11:48: impactTime: 49.1967957512675
02:11:48: ------------------------------------
02:11:48: trueRadar: 1506.96005761719
02:11:48: safeThrust: 133.189238739014
02:11:48: maxDeceleration: 11.0472381260462
02:11:48: stopDistance: 44.1458284924684
02:11:48: idealThrottle: 0.0293068311555929
02:11:48: impactTime: 47.9176880393798
02:11:48: ------------------------------------
02:11:48: trueRadar: 1504.42709863281
02:11:48: safeThrust: 133.184465789795
02:11:48: maxDeceleration: 11.0473768677543
02:11:48: stopDistance: 46.3363700859824
02:11:48: idealThrottle: 0.0308131713380951
02:11:48: impactTime: 46.6987530606555
02:11:48: ------------------------------------
02:11:48: trueRadar: 1501.83566796875
02:11:48: safeThrust: 133.179563140869
02:11:48: maxDeceleration: 11.0474921939874
02:11:48: stopDistance: 48.5759607007915
02:11:48: idealThrottle: 0.032358552028823
02:11:48: impactTime: 45.5365711445473
02:11:48: ------------------------------------
02:11:48: trueRadar: 1499.18552148437
02:11:48: safeThrust: 133.174543762207
02:11:48: maxDeceleration: 11.0475908058905
02:11:48: stopDistance: 50.8641820715211
02:11:48: idealThrottle: 0.0339430890007924
02:11:48: impactTime: 44.4268190600558
02:11:48: ------------------------------------
02:11:48: trueRadar: 1496.47690332031
02:11:48: safeThrust: 133.169394683838
02:11:48: maxDeceleration: 11.0476036892752
02:11:48: stopDistance: 53.2018948598008
02:11:48: idealThrottle: 0.0355677331974466
02:11:48: impactTime: 43.3666991037935
02:11:48: ------------------------------------
02:11:48: trueRadar: 1493.71066796875
02:11:48: safeThrust: 133.164154815674
02:11:48: maxDeceleration: 11.0474870808223
02:11:48: stopDistance: 55.5875601467837
02:11:48: idealThrottle: 0.0372318743535085
02:11:48: impactTime: 42.3523066494482
02:11:48: ------------------------------------
02:11:48: trueRadar: 1490.88632714844
02:11:48: safeThrust: 133.158772277832
02:11:48: maxDeceleration: 11.0473574644178
02:11:48: stopDistance: 58.021186628001
02:11:48: idealThrottle: 0.0389359157837319
02:11:48: impactTime: 41.380678313591
02:11:48: ------------------------------------
02:11:48: trueRadar: 1488.00473535156
02:11:48: safeThrust: 133.153273010254
02:11:48: maxDeceleration: 11.0472220173676
02:11:48: stopDistance: 60.5028286110396
02:11:48: idealThrottle: 0.0406803138311278
02:11:48: impactTime: 40.4489514815255
02:11:48: ------------------------------------
02:11:48: trueRadar: 1485.06577050781
02:11:48: safeThrust: 133.14766998291
02:11:48: maxDeceleration: 11.0470734233157
02:11:48: stopDistance: 63.0324911577984
02:11:48: idealThrottle: 0.0424655173818331
02:11:48: impactTime: 39.554594027748
02:11:48: ------------------------------------
02:11:48: trueRadar: 1482.06918847656
02:11:48: safeThrust: 133.141937255859
02:11:48: maxDeceleration: 11.0468982699374
02:11:48: stopDistance: 65.6098141045945
02:11:48: idealThrottle: 0.0442917174484996
02:11:48: impactTime: 38.6953380451646
02:11:48: ------------------------------------
02:11:48: trueRadar: 1479.01535546875
02:11:48: safeThrust: 133.136100769043
02:11:48: maxDeceleration: 11.0467037341133
02:11:48: stopDistance: 68.2349559026858
02:11:48: idealThrottle: 0.0461594906026677
02:11:48: impactTime: 37.8689255492974
02:11:48: ------------------------------------
02:11:48: trueRadar: 1475.90463769531
02:11:48: safeThrust: 133.130121612549
02:11:48: maxDeceleration: 11.0464837183069
02:11:48: stopDistance: 70.9082372178849
02:11:48: idealThrottle: 0.048069535060826
02:11:48: impactTime: 37.0732960645456
02:11:48: ------------------------------------
02:11:49: trueRadar: 1472.736546875
02:11:49: safeThrust: 133.12405166626
02:11:49: maxDeceleration: 11.0461918174334
02:11:49: stopDistance: 73.6302510994193
02:11:49: idealThrottle: 0.0500227463302598
02:11:49: impactTime: 36.3065814750813
02:11:49: ------------------------------------
02:11:49: trueRadar: 1469.51059472656
02:11:49: safeThrust: 133.117852020264
02:11:49: maxDeceleration: 11.0457424722698
02:11:49: stopDistance: 76.4018930919888
02:11:49: idealThrottle: 0.0520202523373574
02:11:49: impactTime: 35.5670634672501
02:11:49: ------------------------------------
02:11:49: trueRadar: 1466.22678125
02:11:49: safeThrust: 133.111548614502
02:11:49: maxDeceleration: 11.0451475338817
02:11:49: stopDistance: 79.223072618635
02:11:49: idealThrottle: 0.0540625612487216
02:11:49: impactTime: 34.8532129189424
02:11:49: ------------------------------------
02:11:49: trueRadar: 1462.88278710937
02:11:49: safeThrust: 133.105115509033
02:11:49: maxDeceleration: 11.0444341002479
02:11:49: stopDistance: 82.091427438745
02:11:49: idealThrottle: 0.0561486441908146
02:11:49: impactTime: 34.1641177919938
02:11:49: ------------------------------------
02:11:49: trueRadar: 1459.47995507812
02:11:49: safeThrust: 133.098565673828
02:11:49: maxDeceleration: 11.0437366322694
02:11:49: stopDistance: 85.0083231958301
02:11:49: idealThrottle: 0.0582799715309125
02:11:49: impactTime: 33.4974517896558
02:11:49: ------------------------------------
02:11:49: trueRadar: 1456.01718652344
02:11:49: safeThrust: 133.091912078857
02:11:49: maxDeceleration: 11.0430961072815
02:11:49: stopDistance: 87.9812378006835
02:11:49: idealThrottle: 0.0604622859911609
02:11:49: impactTime: 32.8508869645234
02:11:49: ------------------------------------
02:11:49: trueRadar: 1452.49448144531
02:11:49: safeThrust: 133.085167694092
02:11:49: maxDeceleration: 11.0422465967757
02:11:49: stopDistance: 91.0069686653303
02:11:49: idealThrottle: 0.0626940907930368
02:11:49: impactTime: 32.2250637562895
02:11:49: ------------------------------------
02:11:49: trueRadar: 1448.910375
02:11:49: safeThrust: 133.078280639648
02:11:49: maxDeceleration: 11.0412376282008
02:11:49: stopDistance: 94.082280152075
02:11:49: idealThrottle: 0.0649737324221311
02:11:49: impactTime: 31.6186990835768
02:11:49: ------------------------------------
02:11:49: trueRadar: 1445.26608789062
02:11:49: safeThrust: 133.071289825439
02:11:49: maxDeceleration: 11.0402186264858
02:11:49: stopDistance: 97.2081474441798
02:11:49: idealThrottle: 0.0673025672383348
02:11:49: impactTime: 31.0306976056812
02:11:49: ------------------------------------
02:11:49: trueRadar: 1441.56088769531
02:11:49: safeThrust: 133.064195251465
02:11:49: maxDeceleration: 11.0392067248759
02:11:49: stopDistance: 100.38448389904
02:11:49: idealThrottle: 0.0696811929935125
02:11:49: impactTime: 30.460179182619
02:11:49: ------------------------------------
02:11:49: trueRadar: 1437.79526269531
02:11:49: safeThrust: 133.056983947754
02:11:49: maxDeceleration: 11.038190542317
02:11:49: stopDistance: 103.611364982623
02:11:49: idealThrottle: 0.0721103618962594
02:11:49: impactTime: 29.9063152636047
02:11:49: ------------------------------------
02:11:49: trueRadar: 1433.96909082031
02:11:49: safeThrust: 133.049681854248
02:11:49: maxDeceleration: 11.0371772561325
02:11:49: stopDistance: 106.88819286925
02:11:49: idealThrottle: 0.0745903532705655
02:11:49: impactTime: 29.3684530736443
02:11:49: ------------------------------------
02:11:49: trueRadar: 1430.08261621094
02:11:49: safeThrust: 133.042237091064
02:11:49: maxDeceleration: 11.03615562012
02:11:50: stopDistance: 110.214314001994
02:11:50: idealThrottle: 0.0771214150769119
02:11:50: impactTime: 28.8458513943949
02:11:50: ------------------------------------
02:11:50: trueRadar: 1426.13510644531
02:11:50: safeThrust: 133.034701538086
02:11:50: maxDeceleration: 11.0351197443576
02:11:50: stopDistance: 113.590630827938
02:11:50: idealThrottle: 0.0797049342954239
02:11:50: impactTime: 28.3377555230916
02:11:50: ------------------------------------
02:11:50: trueRadar: 1422.127171875
02:11:50: safeThrust: 133.027049255371
02:11:50: maxDeceleration: 11.0340593347636
02:11:50: stopDistance: 117.017005050034
02:11:50: idealThrottle: 0.0823416243454236
02:11:50: impactTime: 27.8434348286806
02:11:50: ------------------------------------
02:11:50: trueRadar: 1418.0588125
02:11:50: safeThrust: 133.01928024292
02:11:50: maxDeceleration: 11.0332204412503
02:11:50: stopDistance: 120.503215272018
02:11:50: idealThrottle: 0.0850391656123817
02:11:50: impactTime: 27.360217594205
02:11:50: ------------------------------------
02:11:50: trueRadar: 1413.92880761719
02:11:50: safeThrust: 133.011420440674
02:11:50: maxDeceleration: 11.0328625108958
02:11:50: stopDistance: 124.0315066175
02:11:50: idealThrottle: 0.0877858758840347
02:11:50: impactTime: 26.8915003499079
02:11:50: ------------------------------------
02:11:50: trueRadar: 1409.73837792969
02:11:50: safeThrust: 133.003430938721
02:11:50: maxDeceleration: 11.0324826687386
02:11:50: stopDistance: 127.599595530302
02:11:50: idealThrottle: 0.0905808702318498
02:11:50: impactTime: 26.435514991879
02:11:50: ------------------------------------
02:11:50: trueRadar: 1405.4875234375
02:11:50: safeThrust: 132.995350646973
02:11:50: maxDeceleration: 11.0321134855999
02:11:50: stopDistance: 131.214730328147
02:11:50: idealThrottle: 0.0934300865487652
02:11:50: impactTime: 25.9912998033047
02:11:50: ------------------------------------
02:11:50: trueRadar: 1401.17722070312
02:11:50: safeThrust: 132.987166595459
02:11:50: maxDeceleration: 11.0317217799565
02:11:50: stopDistance: 134.881907915257
02:11:50: idealThrottle: 0.0963380224800766
02:11:50: impactTime: 25.5580053547418
02:11:50: ------------------------------------
02:11:50: trueRadar: 1396.80722558594
02:11:50: safeThrust: 132.978852844238
02:11:50: maxDeceleration: 11.0313143862331
02:11:50: stopDistance: 138.593844739784
02:11:50: idealThrottle: 0.0993001517421279
02:11:50: impactTime: 25.1357187306729
02:11:50: ------------------------------------
02:11:50: trueRadar: 1392.38132226562
02:11:50: safeThrust: 132.970435333252
02:11:50: maxDeceleration: 11.0308922526817
02:11:50: stopDistance: 142.354685455064
02:11:50: idealThrottle: 0.102320297774612
02:11:50: impactTime: 24.7240090828578
02:11:50: ------------------------------------
02:11:50: trueRadar: 1387.89536035156
02:11:50: safeThrust: 132.9619140625
02:11:50: maxDeceleration: 11.0304429168959
02:11:50: stopDistance: 146.161837464156
02:11:50: idealThrottle: 0.105397735059723
02:11:50: impactTime: 24.3222686229305
02:11:50: ------------------------------------
02:11:50: trueRadar: 1383.34995019531
02:11:50: safeThrust: 132.953276062012
02:11:50: maxDeceleration: 11.0299814765383
02:11:50: stopDistance: 150.014858109045
02:11:50: idealThrottle: 0.108533065012989
02:11:50: impactTime: 23.9300517587356
02:11:50: ------------------------------------
02:11:50: trueRadar: 1378.74448144531
02:11:50: safeThrust: 132.944534301758
02:11:50: maxDeceleration: 11.0290956455455
02:11:50: stopDistance: 153.927228009132
02:11:50: idealThrottle: 0.111737083874608
02:11:50: impactTime: 23.5469616144093
02:11:50: ------------------------------------
02:11:51: trueRadar: 1374.07968652344
02:11:51: safeThrust: 132.935675811768
02:11:51: maxDeceleration: 11.0277569365587
02:11:51: stopDistance: 157.884852794184
02:11:51: idealThrottle: 0.115000617330237
02:11:51: impactTime: 23.1731491289653
02:11:51: ------------------------------------
02:11:51: trueRadar: 1369.35519921875
02:11:51: safeThrust: 132.926726531982
02:11:51: maxDeceleration: 11.0265410384679
02:11:51: stopDistance: 161.887867595364
02:11:51: idealThrottle: 0.11832483279834
02:11:51: impactTime: 22.8076765812607
02:11:51: ------------------------------------
02:11:51: trueRadar: 1364.57138574219
02:11:51: safeThrust: 132.917660522461
02:11:51: maxDeceleration: 11.0254890268648
02:11:51: stopDistance: 165.933989550037
02:11:51: idealThrottle: 0.121709039955012
02:11:51: impactTime: 22.4505308219026
02:11:51: ------------------------------------
02:11:51: trueRadar: 1359.72836816406
02:11:51: safeThrust: 132.908490753174
02:11:51: maxDeceleration: 11.0244752179222
02:11:51: stopDistance: 170.026390587555
02:11:51: idealThrottle: 0.125156672498555
02:11:51: impactTime: 22.1012413473323
02:11:51: ------------------------------------
02:11:51: trueRadar: 1354.82602441406
02:11:51: safeThrust: 132.899217224121
02:11:51: maxDeceleration: 11.0234731328534
02:11:51: stopDistance: 174.166568162845
02:11:51: idealThrottle: 0.12866997196075
02:11:51: impactTime: 21.7593782883236
02:11:51: ------------------------------------
02:11:51: trueRadar: 1349.86472070312
02:11:51: safeThrust: 132.889826965332
02:11:51: maxDeceleration: 11.0224480339307
02:11:51: stopDistance: 178.353468088842
02:11:51: idealThrottle: 0.132249397470301
02:11:51: impactTime: 21.4249747110736
02:11:51: ------------------------------------
02:11:51: trueRadar: 1344.84360253906
02:11:51: safeThrust: 132.880332946777
02:11:51: maxDeceleration: 11.021377039166
02:11:51: stopDistance: 182.587601902907
02:11:51: idealThrottle: 0.135896419162925
02:11:51: impactTime: 21.0975277999213
02:11:51: ------------------------------------
02:11:51: trueRadar: 1339.763890625
02:11:51: safeThrust: 132.870735168457
02:11:51: maxDeceleration: 11.0202788355349
02:11:51: stopDistance: 186.868232271928
02:11:51: idealThrottle: 0.139611753483865
02:11:51: impactTime: 20.7768886030596
02:11:51: ------------------------------------
02:11:51: trueRadar: 1334.62534082031
02:11:51: safeThrust: 132.8610206604
02:11:51: maxDeceleration: 11.0191420475881
02:11:51: stopDistance: 191.196083189917
02:11:51: idealThrottle: 0.143397270801606
02:11:51: impactTime: 20.4627791188555
02:11:51: ------------------------------------
02:11:51: trueRadar: 1329.42746484375
02:11:51: safeThrust: 132.851215362549
02:11:51: maxDeceleration: 11.0179754141515
02:11:51: stopDistance: 195.570941581099
02:11:51: idealThrottle: 0.147254080837424
02:11:51: impactTime: 20.1549733178159
02:11:51: ------------------------------------
02:11:51: trueRadar: 1324.17087304687
02:11:51: safeThrust: 132.841306304932
02:11:51: maxDeceleration: 11.0167691182606
02:11:51: stopDistance: 199.992830737516
02:11:51: idealThrottle: 0.15118357252346
02:11:51: impactTime: 19.8532560826274
02:11:51: ------------------------------------
02:11:51: trueRadar: 1318.85556542969
02:11:51: safeThrust: 132.831293487549
02:11:51: maxDeceleration: 11.0155184914403
02:11:51: stopDistance: 204.461747102019
02:11:51: idealThrottle: 0.155187143097384
02:11:51: impactTime: 19.5574331589335
02:11:51: ------------------------------------
02:11:51: trueRadar: 1313.48105371094
02:11:51: safeThrust: 132.82116394043
02:11:51: maxDeceleration: 11.014226173577
02:11:52: stopDistance: 208.977351404954
02:11:52: idealThrottle: 0.159265946860574
02:11:52: impactTime: 19.2673282030278
02:11:52: ------------------------------------
02:11:52: trueRadar: 1308.0480703125
02:11:52: safeThrust: 132.810943603516
02:11:52: maxDeceleration: 11.0128900074104
02:11:52: stopDistance: 213.538798107172
02:11:52: idealThrottle: 0.163420802135873
02:11:52: impactTime: 18.9827315967791
02:11:52: ------------------------------------
02:11:52: trueRadar: 1302.55612695312
02:11:52: safeThrust: 132.800606536865
02:11:52: maxDeceleration: 11.0115105997858
02:11:52: stopDistance: 218.147432511593
02:11:52: idealThrottle: 0.167654290807522
02:11:52: impactTime: 18.7034691266373
02:11:52: ------------------------------------
02:11:52: trueRadar: 1297.00583398437
02:11:52: safeThrust: 132.790165710449
02:11:52: maxDeceleration: 11.0100884311497
02:11:52: stopDistance: 222.802286201762
02:11:52: idealThrottle: 0.171967260987599
02:11:52: impactTime: 18.4293482430842
02:11:52: ------------------------------------
02:11:52: trueRadar: 1291.39658105469
02:11:52: safeThrust: 132.779634094238
02:11:52: maxDeceleration: 11.0086193134433
02:11:52: stopDistance: 227.503176450912
02:11:52: idealThrottle: 0.176361091007873
02:11:52: impactTime: 18.1602244296101
02:11:52: ------------------------------------
02:11:52: trueRadar: 1285.72922265625
02:11:52: safeThrust: 132.768985748291
02:11:52: maxDeceleration: 11.0071116358258
02:11:52: stopDistance: 232.251341208675
02:11:52: idealThrottle: 0.180838421782456
02:11:52: impactTime: 17.8959651022019
02:11:52: ------------------------------------
02:11:52: trueRadar: 1280.0031484375
02:11:52: safeThrust: 132.758233642578
02:11:52: maxDeceleration: 11.0055798851113
02:11:52: stopDistance: 237.041888810249
02:11:52: idealThrottle: 0.185397189044415
02:11:52: impactTime: 17.6364580972152
02:11:52: ------------------------------------
02:11:52: trueRadar: 1274.21884667969
02:11:52: safeThrust: 132.747403717041
02:11:52: maxDeceleration: 11.0040343541083
02:11:52: stopDistance: 241.877747714208
02:11:52: idealThrottle: 0.190041370510795
02:11:52: impactTime: 17.3815062752037
02:11:52: ------------------------------------
02:11:52: trueRadar: 1268.37595117187
02:11:52: safeThrust: 132.736444091797
02:11:52: maxDeceleration: 11.0024435683503
02:11:52: stopDistance: 246.758695263251
02:11:52: idealThrottle: 0.194772678708162
02:11:52: impactTime: 17.1309680980464
02:11:52: ------------------------------------
02:11:52: trueRadar: 1262.47507226562
02:11:52: safeThrust: 132.725380706787
02:11:52: maxDeceleration: 11.0008053763587
02:11:52: stopDistance: 251.684855793349
02:11:52: idealThrottle: 0.199592932743072
02:11:52: impactTime: 16.8847062255109
02:11:52: ------------------------------------
02:11:52: trueRadar: 1256.51584375
02:11:52: safeThrust: 132.714239501953
02:11:52: maxDeceleration: 10.9991160731974
02:11:52: stopDistance: 256.656232786642
02:11:52: idealThrottle: 0.20450415782561
02:11:52: impactTime: 16.642615194934
02:11:52: ------------------------------------
02:11:52: trueRadar: 1250.49875390625
02:11:52: safeThrust: 132.702994537354
02:11:52: maxDeceleration: 10.9974384934236
02:11:52: stopDistance: 261.670681582865
02:11:52: idealThrottle: 0.209506589489204
02:11:52: impactTime: 16.4045561411111
02:11:52: ------------------------------------
02:11:52: trueRadar: 1244.42368066406
02:11:52: safeThrust: 132.691632843018
02:11:52: maxDeceleration: 10.9957441527391
02:11:52: stopDistance: 266.73034537537
02:11:52: idealThrottle: 0.214603981550283
02:11:52: impactTime: 16.1703797145356
02:11:52: ------------------------------------
02:11:53: trueRadar: 1238.29062402344
02:11:53: safeThrust: 132.680180358887
02:11:53: maxDeceleration: 10.9940153421247
02:11:53: stopDistance: 271.832536093875
02:11:53: idealThrottle: 0.219796194973512
02:11:53: impactTime: 15.9400422007418
02:11:53: ------------------------------------
02:11:53: trueRadar: 1232.09921777344
02:11:53: safeThrust: 132.66862411499
02:11:53: maxDeceleration: 10.9922624748745
02:11:53: stopDistance: 276.978154413497
02:11:53: idealThrottle: 0.225086179121899
02:11:53: impactTime: 15.7134007898251
02:11:53: ------------------------------------
02:11:53: trueRadar: 1225.85043847656
02:11:53: safeThrust: 132.656964111328
02:11:53: maxDeceleration: 10.9904979939557
02:11:53: stopDistance: 282.166892174094
02:11:53: idealThrottle: 0.230475897625643
02:11:53: impactTime: 15.4903430928883
02:11:53: ------------------------------------
02:11:53: trueRadar: 1219.5441640625
02:11:53: safeThrust: 132.645226287842
02:11:53: maxDeceleration: 10.9887244103549
02:11:53: stopDistance: 287.398669292098
02:11:53: idealThrottle: 0.235967567868565
02:11:53: impactTime: 15.2707841255065
02:11:53: ------------------------------------
02:11:53: trueRadar: 1213.17990625
02:11:53: safeThrust: 132.633371734619
02:11:53: maxDeceleration: 10.9868858656701
02:11:53: stopDistance: 292.674378234398
02:11:53: idealThrottle: 0.241564234291983
02:11:53: impactTime: 15.054602272038
02:11:53: ------------------------------------
02:11:53: trueRadar: 1206.75839746094
02:11:53: safeThrust: 132.621426391602
02:11:53: maxDeceleration: 10.9850128700719
02:11:53: stopDistance: 297.993155805755
02:11:53: idealThrottle: 0.247267747266223
02:11:53: impactTime: 14.8417110437036
02:11:53: ------------------------------------
02:11:53: trueRadar: 1200.27878320312
02:11:53: safeThrust: 132.609377288818
02:11:53: maxDeceleration: 10.9831236052394
02:11:53: stopDistance: 303.354183697777
02:11:53: idealThrottle: 0.253079868139094
02:11:53: impactTime: 14.6320235468621
02:11:53: ------------------------------------
02:11:53: trueRadar: 1193.74216210937
02:11:53: safeThrust: 132.59723739624
02:11:53: maxDeceleration: 10.981220104827
02:11:53: stopDistance: 308.757388422259
02:11:53: idealThrottle: 0.259003175800032
02:11:53: impactTime: 14.4254529419688
02:11:53: ------------------------------------
02:11:53: trueRadar: 1187.14804589844
02:11:53: safeThrust: 132.584993743896
02:11:53: maxDeceleration: 10.9793112154332
02:11:53: stopDistance: 314.201681689425
02:11:53: idealThrottle: 0.26503943006426
02:11:53: impactTime: 14.2218984300095
02:11:53: ------------------------------------
02:11:53: trueRadar: 1180.49655664062
02:11:53: safeThrust: 132.572646331787
02:11:53: maxDeceleration: 10.9774435595922
02:11:53: stopDistance: 319.687343752632
02:11:53: idealThrottle: 0.271191593399375
02:11:53: impactTime: 14.0212807205423
02:11:53: ------------------------------------
02:11:53: trueRadar: 1173.78781640625
02:11:53: safeThrust: 132.560221099854
02:11:53: maxDeceleration: 10.9755605813456
02:11:53: stopDistance: 325.214002057779
02:11:53: idealThrottle: 0.277462225030535
02:11:53: impactTime: 13.8235590128554
02:11:53: ------------------------------------
02:11:53: trueRadar: 1167.02231347656
02:11:53: safeThrust: 132.547692108154
02:11:53: maxDeceleration: 10.9736504444743
02:11:53: stopDistance: 330.781346168726
02:11:53: idealThrottle: 0.283854031141205
02:11:53: impactTime: 13.6286331374948
02:11:53: ------------------------------------
02:11:53: trueRadar: 1160.19955957031
02:11:53: safeThrust: 132.53507232666
02:11:53: maxDeceleration: 10.9717260618525
02:11:54: stopDistance: 336.390012999194
02:11:54: idealThrottle: 0.290370634600674
02:11:54: impactTime: 13.4364259543044
02:11:54: ------------------------------------
02:11:54: trueRadar: 1153.31979882812
02:11:54: safeThrust: 132.522361755371
02:11:54: maxDeceleration: 10.9697408244889
02:11:54: stopDistance: 342.040799519228
02:11:54: idealThrottle: 0.297015857120319
02:11:54: impactTime: 13.2468682718957
02:11:54: ------------------------------------
02:11:54: trueRadar: 1146.38327539062
02:11:54: safeThrust: 132.509547424316
02:11:54: maxDeceleration: 10.9677315488154
02:11:54: stopDistance: 347.73201956926
02:11:54: idealThrottle: 0.303791540278855
02:11:54: impactTime: 13.0598886849274
02:11:54: ------------------------------------
02:11:54: trueRadar: 1139.3898671875
02:11:54: safeThrust: 132.496642303467
02:11:54: maxDeceleration: 10.965708037383
02:11:54: stopDistance: 353.46330946311
02:11:54: idealThrottle: 0.310700738758212
02:11:54: impactTime: 12.8754293284379
02:11:54: ------------------------------------
02:11:54: trueRadar: 1132.33957421875
02:11:54: safeThrust: 132.483633422852
02:11:54: maxDeceleration: 10.963668256512
02:11:54: stopDistance: 359.234497575734
02:11:54: idealThrottle: 0.317746858429308
02:11:54: impactTime: 12.6934206075438
02:11:54: ------------------------------------
02:11:54: trueRadar: 1125.23276269531
02:11:54: safeThrust: 132.470546722412
02:11:54: maxDeceleration: 10.961616273562
02:11:54: stopDistance: 365.045208017405
02:11:54: idealThrottle: 0.324933076765196
02:11:54: impactTime: 12.5138019924565
02:11:54: ------------------------------------
02:11:54: trueRadar: 1118.06967675781
02:11:54: safeThrust: 132.457356262207
02:11:54: maxDeceleration: 10.9595480211734
02:11:54: stopDistance: 370.895189410117
02:11:54: idealThrottle: 0.332263047896906
02:11:54: impactTime: 12.336520334688
02:11:54: ------------------------------------
02:11:54: trueRadar: 1110.849828125
02:11:54: safeThrust: 132.444087982178
02:11:54: maxDeceleration: 10.9574675667058
02:11:54: stopDistance: 376.783977723775
02:11:54: idealThrottle: 0.339740083009421
02:11:54: impactTime: 12.1615162166229
02:11:54: ------------------------------------
02:11:54: trueRadar: 1103.57370507812
02:11:54: safeThrust: 132.430715942383
02:11:54: maxDeceleration: 10.9553708427995
02:11:54: stopDistance: 382.711303544607
02:11:54: idealThrottle: 0.347367939067116
02:11:54: impactTime: 11.9887294242244
02:11:54: ------------------------------------
02:11:54: trueRadar: 1096.24155175781
02:11:54: safeThrust: 132.417266082764
02:11:54: maxDeceleration: 10.9532743359715
02:11:54: stopDistance: 388.676222106149
02:11:54: idealThrottle: 0.355150215520985
02:11:54: impactTime: 11.8181080102706
02:11:54: ------------------------------------
02:11:54: trueRadar: 1088.85287988281
02:11:54: safeThrust: 132.40372543335
02:11:54: maxDeceleration: 10.9511729042961
02:11:54: stopDistance: 394.678827104866
02:11:54: idealThrottle: 0.363090943647053
02:11:54: impactTime: 11.6496055727211
02:11:54: ------------------------------------
02:11:54: trueRadar: 1081.40829980469
02:11:54: safeThrust: 132.39008102417
02:11:54: maxDeceleration: 10.9490396779166
02:11:54: stopDistance: 400.719935100532
02:11:54: idealThrottle: 0.37119561950566
02:11:54: impactTime: 11.483163329585
02:11:54: ------------------------------------
02:11:54: trueRadar: 1073.90756738281
02:11:54: safeThrust: 132.376358795166
02:11:54: maxDeceleration: 10.9468973519975
02:11:54: stopDistance: 406.797453913407
02:11:54: idealThrottle: 0.379466819803935
02:11:54: impactTime: 11.3187455332562
02:11:54: ------------------------------------
02:11:55: trueRadar: 1066.35117089844
02:11:55: safeThrust: 132.362545776367
02:11:55: maxDeceleration: 10.9447687200933
02:11:55: stopDistance: 412.910902664406
02:11:55: idealThrottle: 0.387908833897402
02:11:55: impactTime: 11.1562845911485
02:11:55: ------------------------------------
02:11:55: trueRadar: 1058.73898828125
02:11:55: safeThrust: 132.348654937744
02:11:55: maxDeceleration: 10.942623223575
02:11:55: stopDistance: 419.061612490684
02:11:55: idealThrottle: 0.396527971835096
02:11:55: impactTime: 10.9957497215
02:11:55: ------------------------------------
02:11:55: trueRadar: 1051.07114160156
02:11:55: safeThrust: 132.334660339355
02:11:55: maxDeceleration: 10.9404552449711
02:11:55: stopDistance: 425.249644225931
02:11:55: idealThrottle: 0.405329387501358
02:11:55: impactTime: 10.8370729169818
02:11:55: ------------------------------------
02:11:55: trueRadar: 1043.347875
02:11:55: safeThrust: 132.320587921143
02:11:55: maxDeceleration: 10.938271956104
02:11:55: stopDistance: 431.474011300823
02:11:55: idealThrottle: 0.414317912132618
02:11:55: impactTime: 10.6802266873317
02:11:55: ------------------------------------
02:11:55: trueRadar: 1035.56918847656
02:11:55: safeThrust: 132.306424713135
02:11:55: maxDeceleration: 10.9360558129889
02:11:55: stopDistance: 437.735980195421
02:11:55: idealThrottle: 0.42349974110632
02:11:55: impactTime: 10.5251599539006
02:11:55: ------------------------------------
02:11:55: trueRadar: 1027.73459375
02:11:55: safeThrust: 132.292170715332
02:11:55: maxDeceleration: 10.9338300858611
02:11:55: stopDistance: 444.032927307884
02:11:55: idealThrottle: 0.432878805541794
02:11:55: impactTime: 10.3718419467196
02:11:55: ------------------------------------
02:11:55: trueRadar: 1019.84506738281
02:11:55: safeThrust: 132.277838897705
02:11:55: maxDeceleration: 10.9316200687642
02:11:55: stopDistance: 450.364303532714
02:11:55: idealThrottle: 0.442460199710172
02:11:55: impactTime: 10.2202250451319
02:11:55: ------------------------------------
02:11:55: trueRadar: 1011.90030419922
02:11:55: safeThrust: 132.263429260254
02:11:55: maxDeceleration: 10.9293978415054
02:11:55: stopDistance: 456.731172122152
02:11:55: idealThrottle: 0.452251454083419
02:11:55: impactTime: 10.0702743219136
02:11:55: ------------------------------------
02:11:55: trueRadar: 1003.90048730469
02:11:55: safeThrust: 132.248941802979
02:11:55: maxDeceleration: 10.9271525507735
02:11:55: stopDistance: 463.134614498794
02:11:55: idealThrottle: 0.462260045127536
02:11:55: impactTime: 9.92193830543409
02:11:55: ------------------------------------
02:11:55: trueRadar: 995.845555664063
02:11:55: safeThrust: 132.234350585938
02:11:55: maxDeceleration: 10.9248646296587
02:11:55: stopDistance: 469.573686661815
02:11:55: idealThrottle: 0.472492110315159
02:11:55: impactTime: 9.7751884655577
02:11:55: ------------------------------------
02:11:55: trueRadar: 987.735875488281
02:11:55: safeThrust: 132.219681549072
02:11:55: maxDeceleration: 10.9226032593646
02:11:55: stopDistance: 476.046212309573
02:11:55: idealThrottle: 0.482952468452573
02:11:55: impactTime: 9.62998851875958
02:11:55: ------------------------------------
02:11:55: trueRadar: 979.571324707031
02:11:55: safeThrust: 132.204934692383
02:11:55: maxDeceleration: 10.9203095288844
02:11:55: stopDistance: 482.55441297756
02:11:55: idealThrottle: 0.493650843183227
02:11:55: impactTime: 9.4863086747042
02:11:55: ------------------------------------
02:11:55: trueRadar: 971.352147460938
02:11:55: safeThrust: 132.190110015869
02:11:55: maxDeceleration: 10.9180097911371
02:11:56: stopDistance: 489.096195238345
02:11:56: idealThrottle: 0.504592818970323
02:11:56: impactTime: 9.34410956781173
02:11:56: ------------------------------------
02:11:56: trueRadar: 963.078160644531
02:11:56: safeThrust: 132.175194549561
02:11:56: maxDeceleration: 10.9156849645667
02:11:56: stopDistance: 495.673475416726
02:11:56: idealThrottle: 0.515788647626794
02:11:56: impactTime: 9.20335377948394
02:11:56: ------------------------------------
02:11:56: trueRadar: 954.749852539063
02:11:56: safeThrust: 132.160214233398
02:11:56: maxDeceleration: 10.9133670101186
02:11:56: stopDistance: 502.283660007598
02:11:56: idealThrottle: 0.52724369363428
02:11:56: impactTime: 9.06401753826656
02:11:56: ------------------------------------
02:11:56: trueRadar: 946.367162109375
02:11:56: safeThrust: 132.145143127441
02:11:56: maxDeceleration: 10.9110317141372
02:11:56: stopDistance: 508.927492501124
02:11:56: idealThrottle: 0.538967998130485
02:11:56: impactTime: 8.92606751627075
02:11:56: ------------------------------------
02:11:56: trueRadar: 937.930211425781
02:11:56: safeThrust: 132.12999420166
02:11:56: maxDeceleration: 10.9086640712928
02:11:56: stopDistance: 515.606779915521
02:11:56: idealThrottle: 0.550972330360037
02:11:56: impactTime: 8.78946635333411
02:11:56: ------------------------------------
02:11:56: trueRadar: 929.438878417969
02:11:56: safeThrust: 132.114767456055
02:11:56: maxDeceleration: 10.9063090070055
02:11:56: stopDistance: 522.318143611733
02:11:56: idealThrottle: 0.563262983173778
02:11:56: impactTime: 8.65419089039398
02:11:56: ------------------------------------
02:11:56: trueRadar: 920.893468261719
02:11:56: safeThrust: 132.099462890625
02:11:56: maxDeceleration: 10.9039370867104
02:11:56: stopDistance: 529.062666335056
02:11:56: idealThrottle: 0.575851378714795
02:11:56: impactTime: 8.5202129451897
02:11:56: ------------------------------------
02:11:56: trueRadar: 912.294408203125
02:11:56: safeThrust: 132.084093475342
02:11:56: maxDeceleration: 10.9015503456673
02:11:56: stopDistance: 535.841555052433
02:11:56: idealThrottle: 0.588748791661147
02:11:56: impactTime: 8.38749876418655
02:11:56: ------------------------------------
02:11:56: trueRadar: 903.64084375
02:11:56: safeThrust: 132.068633270264
02:11:56: maxDeceleration: 10.8991540083004
02:11:56: stopDistance: 542.652122480403
02:11:56: idealThrottle: 0.601964121148797
02:11:56: impactTime: 8.2560276434599
02:11:56: ------------------------------------
02:11:56: trueRadar: 894.933934570313
02:11:56: safeThrust: 132.053108215332
02:11:56: maxDeceleration: 10.8967428511616
02:11:56: stopDistance: 549.49665112389
02:11:56: idealThrottle: 0.615510969597605
02:11:56: impactTime: 8.12577024070514
02:11:56: ------------------------------------
02:11:56: trueRadar: 886.173375488281
02:11:56: safeThrust: 132.037505340576
02:11:56: maxDeceleration: 10.8943256783089
02:11:56: stopDistance: 556.372709993371
02:11:56: idealThrottle: 0.629398946144069
02:11:56: impactTime: 7.99669927478578
02:11:56: ------------------------------------
02:11:56: trueRadar: 877.358922363281
02:11:56: safeThrust: 132.021824645996
02:11:56: maxDeceleration: 10.8918993918399
02:11:56: stopDistance: 563.281306867276
02:11:56: idealThrottle: 0.643641971930811
02:11:56: impactTime: 7.8687970300073
02:11:56: ------------------------------------
02:11:56: trueRadar: 868.491063476563
02:11:56: safeThrust: 132.006066131592
02:11:56: maxDeceleration: 10.8894531569079
02:11:56: stopDistance: 570.222314192814
02:11:56: idealThrottle: 0.658253351047013
02:11:56: impactTime: 7.74203123970894
02:11:56: ------------------------------------
02:11:57: trueRadar: 859.569676757813
02:11:57: safeThrust: 131.990255737305
02:11:57: maxDeceleration: 10.8869864012102
02:11:57: stopDistance: 577.196737328548
02:11:57: idealThrottle: 0.673248344586463
02:11:57: impactTime: 7.61637835761445
02:11:57: ------------------------------------
02:11:57: trueRadar: 850.595128417969
02:11:57: safeThrust: 131.974341583252
02:11:57: maxDeceleration: 10.8845234875576
02:11:57: stopDistance: 584.201159931799
02:11:57: idealThrottle: 0.688637877934588
02:11:57: impactTime: 7.49182140404897
02:11:57: ------------------------------------
02:11:57: trueRadar: 841.567296386719
02:11:57: safeThrust: 131.958375549316
02:11:57: maxDeceleration: 10.8820524311586
02:11:57: stopDistance: 591.237067961701
02:11:57: idealThrottle: 0.704438873594222
02:11:57: impactTime: 7.36833307879328
02:11:57: ------------------------------------
02:11:57: trueRadar: 832.486424804688
02:11:57: safeThrust: 131.942344665527
02:11:57: maxDeceleration: 10.8795742921035
02:11:57: stopDistance: 598.30470724901
02:11:57: idealThrottle: 0.720668617834781
02:11:57: impactTime: 7.24589625752713
02:11:57: ------------------------------------
02:11:57: trueRadar: 823.352513671875
02:11:57: safeThrust: 131.926235961914
02:11:57: maxDeceleration: 10.8770777549309
02:11:57: stopDistance: 605.403720563378
02:11:57: idealThrottle: 0.737343435362436
02:11:57: impactTime: 7.12448493264998
02:11:57: ------------------------------------
02:11:57: trueRadar: 814.165562988281
02:11:57: safeThrust: 131.910062408447
02:11:57: maxDeceleration: 10.8745710418537
02:11:57: stopDistance: 612.53397546169
02:11:57: idealThrottle: 0.754481739673494
02:11:57: impactTime: 7.00408131824293
02:11:57: ------------------------------------
02:11:57: trueRadar: 804.926
02:11:57: safeThrust: 131.893824005127
02:11:57: maxDeceleration: 10.8720495136689
02:11:57: stopDistance: 619.695600722593
02:11:57: idealThrottle: 0.772102616496172
02:11:57: impactTime: 6.88466128724015
02:11:57: ------------------------------------
02:11:57: trueRadar: 795.633580566406
02:11:57: safeThrust: 131.877507781982
02:11:57: maxDeceleration: 10.8695173230469
02:11:57: stopDistance: 626.887617168754
02:11:57: idealThrottle: 0.790225405371481
02:11:57: impactTime: 6.76620945866206
02:11:57: ------------------------------------
02:11:57: trueRadar: 786.288670898438
02:11:57: safeThrust: 131.861139678955
02:11:57: maxDeceleration: 10.8669800829304
02:11:57: stopDistance: 634.110243703129
02:11:57: idealThrottle: 0.808871794399837
02:11:57: impactTime: 6.64870141438348
02:11:57: ------------------------------------
02:11:57: trueRadar: 776.890904785156
02:11:57: safeThrust: 131.844680786133
02:11:57: maxDeceleration: 10.8644378741339
02:11:57: stopDistance: 641.363350370537
02:11:57: idealThrottle: 0.828064399057275
02:11:57: impactTime: 6.53212427329083
02:11:57: ------------------------------------
02:11:57: trueRadar: 767.440831542969
02:11:57: safeThrust: 131.828170013428
02:11:57: maxDeceleration: 10.8618797925436
02:11:57: stopDistance: 648.646503465943
02:11:57: idealThrottle: 0.847826096689611
02:11:57: impactTime: 6.41645880494224
02:11:57: ------------------------------------
02:11:57: trueRadar: 757.938573242188
02:11:57: safeThrust: 131.811594390869
02:11:57: maxDeceleration: 10.8593115344022
02:11:57: stopDistance: 655.959991534533
02:11:57: idealThrottle: 0.868183298232196
02:11:57: impactTime: 6.30168434042682
02:11:57: ------------------------------------
02:11:57: trueRadar: 748.3840078125
02:11:57: safeThrust: 131.794966888428
02:11:57: maxDeceleration: 10.8567366787024
02:11:58: stopDistance: 663.303423888416
02:11:58: idealThrottle: 0.889161915446795
02:11:58: impactTime: 6.18778452309114
02:11:58: ------------------------------------
02:11:58: trueRadar: 738.777318359375
02:11:58: safeThrust: 131.778274536133
02:11:58: maxDeceleration: 10.8541609163754
02:11:58: stopDistance: 670.67609831928
02:11:58: idealThrottle: 0.9107899630492
02:11:58: impactTime: 6.07474514263643
02:11:58: ------------------------------------
02:11:58: trueRadar: 729.118504882813
02:11:58: safeThrust: 131.761504364014
02:11:58: maxDeceleration: 10.851563671651
02:11:58: stopDistance: 678.078751476016
02:11:58: idealThrottle: 0.933098596951858
02:11:58: impactTime: 5.96254732853916
02:11:58: ------------------------------------
02:11:58: trueRadar: 719.40793359375
02:11:58: safeThrust: 131.744682312012
02:11:58: maxDeceleration: 10.848959828277
02:11:58: stopDistance: 685.510730536991
02:11:58: idealThrottle: 0.956119059343081
02:11:58: impactTime: 5.85117440494917
02:11:58: ------------------------------------
02:11:58: Lock throttle to 0.971242223631
02:11:58: trueRadar: 709.645360351563
02:11:58: safeThrust: 131.723567199707
02:11:58: maxDeceleration: 10.8456997783034
02:11:58: stopDistance: 694.841407614468
02:11:58: idealThrottle: 0.989381449760598
02:11:58: impactTime: 5.7351800560227
02:11:58: ------------------------------------
02:11:58: Lock throttle to 0.9785693012872
02:11:58: trueRadar: 692.577977539063
02:11:58: safeThrust: 131.69409942627
02:11:58: maxDeceleration: 10.8617736128072
02:11:58: stopDistance: 669.24769933468
02:11:58: idealThrottle: 0.976501762797714
02:11:58: impactTime: 5.69780490779286
02:11:58: ------------------------------------
02:11:58: Lock throttle to 0.965917046039955
02:11:58: trueRadar: 675.803563476563
02:11:58: safeThrust: 131.665228271484
02:11:58: maxDeceleration: 10.8811621942466
02:11:58: stopDistance: 644.647260758683
02:11:58: idealThrottle: 0.964022961641331
02:11:58: impactTime: 5.65940307535294
02:11:58: ------------------------------------
02:11:58: Lock throttle to 0.953711855752531
02:11:58: trueRadar: 659.324864746094
02:11:58: safeThrust: 131.636953735352
02:11:58: maxDeceleration: 10.9003866081837
02:11:58: stopDistance: 621.0295061093
02:11:58: idealThrottle: 0.951985517407085
02:11:58: impactTime: 5.62000562306623
02:11:58: ------------------------------------
02:11:58: trueRadar: 645.431249023438
02:11:58: safeThrust: 131.613179779053
02:11:58: maxDeceleration: 10.9167384742703
02:11:58: stopDistance: 601.531979025034
02:11:58: idealThrottle: 0.94200824587868
02:11:58: impactTime: 5.58544810904029
02:11:58: ------------------------------------
02:11:58: trueRadar: 631.747228027344
02:11:58: safeThrust: 131.589833831787
02:11:58: maxDeceleration: 10.9329712962964
02:11:59: stopDistance: 582.694108973006
02:11:59: idealThrottle: 0.93233674315538
02:11:59: impactTime: 5.55017041838691
02:11:59: ------------------------------------
02:11:59: trueRadar: 618.268468261719
02:11:59: safeThrust: 131.566902923584
02:11:59: maxDeceleration: 10.9490993512644
02:11:59: stopDistance: 564.488478683358
02:11:59: idealThrottle: 0.922962013302308
02:11:59: impactTime: 5.51417704356138
02:11:59: ------------------------------------
02:11:59: trueRadar: 604.992284179688
02:11:59: safeThrust: 131.544374084473
02:11:59: maxDeceleration: 10.9651198213151
02:11:59: stopDistance: 546.889676109875
02:11:59: idealThrottle: 0.913876011527646
02:11:59: impactTime: 5.47747658855481
02:11:59: ------------------------------------
02:11:59: trueRadar: 591.914586425781
02:11:59: safeThrust: 131.522234344482
02:11:59: maxDeceleration: 10.9810330184538
02:11:59: stopDistance: 529.873655914985
02:11:59: idealThrottle: 0.905071688887185
02:11:59: impactTime: 5.44007565711003
02:11:59: ------------------------------------
02:11:59: trueRadar: 579.032628417969
02:11:59: safeThrust: 131.500496673584
02:11:59: maxDeceleration: 10.9968496551208
02:11:59: stopDistance: 513.416374069847
02:11:59: idealThrottle: 0.896540562985044
02:11:59: impactTime: 5.4019808440705
02:11:59: ------------------------------------
02:11:59: trueRadar: 566.342809082031
02:11:59: safeThrust: 131.479122161865
02:11:59: maxDeceleration: 11.012569156736
02:11:59: stopDistance: 497.495624396957
02:11:59: idealThrottle: 0.888275490001968
02:11:59: impactTime: 5.36319899096435
02:11:59: ------------------------------------
02:11:59: trueRadar: 553.842137695313
02:11:59: safeThrust: 131.458123779297
02:11:59: maxDeceleration: 11.0282007694934
02:11:59: stopDistance: 482.090069271672
02:11:59: idealThrottle: 0.880269502950631
02:11:59: impactTime: 5.32373796427173
02:11:59: ------------------------------------
02:11:59: trueRadar: 541.527684570313
02:11:59: safeThrust: 131.437501525879
02:11:59: maxDeceleration: 11.043742278115
02:11:59: stopDistance: 467.179299966337
02:11:59: idealThrottle: 0.872515985058439
02:11:59: impactTime: 5.28360445259151
02:11:59: ------------------------------------
02:11:59: trueRadar: 529.396458984375
02:11:59: safeThrust: 131.41722946167
02:11:59: maxDeceleration: 11.0592031420528
02:11:59: stopDistance: 452.743681511978
02:11:59: idealThrottle: 0.865007646644314
02:11:59: impactTime: 5.24280873860822
02:12:00: ------------------------------------
02:12:00: trueRadar: 517.445348144531
02:12:00: safeThrust: 131.39730758667
02:12:00: maxDeceleration: 11.0745827788078
02:12:00: stopDistance: 438.764826744188
02:12:00: idealThrottle: 0.857738982473626
02:12:00: impactTime: 5.20135520152518
02:12:00: ------------------------------------
02:12:00: trueRadar: 505.671910644531
02:12:00: safeThrust: 131.377735900879
02:12:00: maxDeceleration: 11.0898806076444
02:12:00: stopDistance: 425.225260920348
02:12:00: idealThrottle: 0.850703896602485
02:12:00: impactTime: 5.1592583564736
02:12:00: ------------------------------------
02:12:00: trueRadar: 494.073552490234
02:12:00: safeThrust: 131.358514404297
02:12:00: maxDeceleration: 11.105132570885
02:12:00: stopDistance: 412.106511848079
02:12:00: idealThrottle: 0.843894336898636
02:12:00: impactTime: 5.11652302011455
02:12:00: ------------------------------------
02:12:00: trueRadar: 482.647374511719
02:12:00: safeThrust: 131.339604187012
02:12:00: maxDeceleration: 11.1202970764445
02:12:00: stopDistance: 399.393286459294
02:12:00: idealThrottle: 0.837305746062099
02:12:00: impactTime: 5.07316421277611
02:12:00: ------------------------------------
02:12:00: trueRadar: 471.391057373047
02:12:00: safeThrust: 131.321031188965
02:12:00: maxDeceleration: 11.1353840487353
02:12:00: stopDistance: 387.069843627484
02:12:00: idealThrottle: 0.830932636232104
02:12:00: impactTime: 5.02918897550709
02:12:00: ------------------------------------
02:12:00: trueRadar: 460.302129150391
02:12:00: safeThrust: 131.302795410156
02:12:00: maxDeceleration: 11.1504440001155
02:12:00: stopDistance: 375.120372216667
02:12:00: idealThrottle: 0.824767356659944
02:12:00: impactTime: 4.98460678193811
02:12:00: ------------------------------------
02:12:00: trueRadar: 449.378117919922
02:12:00: safeThrust: 131.284857940674
02:12:00: maxDeceleration: 11.1654096917294
02:12:00: stopDistance: 363.531524749597
02:12:00: idealThrottle: 0.818806332570767
02:12:00: impactTime: 4.93943332400536
02:12:00: ------------------------------------
02:12:00: trueRadar: 438.61691796875
02:12:00: safeThrust: 131.267244720459
02:12:00: maxDeceleration: 11.1803486884767
02:12:00: stopDistance: 352.288505021447
02:12:00: idealThrottle: 0.813042383843126
02:12:00: impactTime: 4.8936720599449
02:12:00: ------------------------------------
02:12:01: trueRadar: 428.016362548828
02:12:01: safeThrust: 131.2499168396
02:12:01: maxDeceleration: 11.1952111943593
02:12:01: stopDistance: 341.379341232355
02:12:01: idealThrottle: 0.807471819439143
02:12:01: impactTime: 4.8473421240164
02:12:01: ------------------------------------
02:12:01: trueRadar: 417.574101806641
02:12:01: safeThrust: 131.232913208008
02:12:01: maxDeceleration: 11.2100478861248
02:12:01: stopDistance: 330.790404676357
02:12:01: idealThrottle: 0.802087615329994
02:12:01: impactTime: 4.8004487101404
02:12:01: ------------------------------------
02:12:01: trueRadar: 407.288121582031
02:12:01: safeThrust: 131.216181945801
02:12:01: maxDeceleration: 11.2248147919115
02:12:01: stopDistance: 320.511725452656
02:12:01: idealThrottle: 0.796890000319066
02:12:01: impactTime: 4.7530001278473
02:12:01: ------------------------------------
02:12:01: trueRadar: 397.156621337891
02:12:01: safeThrust: 131.199761962891
02:12:01: maxDeceleration: 11.2395434537029
02:12:01: stopDistance: 310.52976851595
02:12:01: idealThrottle: 0.791868590018554
02:12:01: impactTime: 4.70501736954107
02:12:01: ------------------------------------
02:12:01: trueRadar: 387.177556396484
02:12:01: safeThrust: 131.183601379395
02:12:01: maxDeceleration: 11.2542445626707
02:12:01: stopDistance: 300.834000444741
02:12:01: idealThrottle: 0.787019740013979
02:12:01: impactTime: 4.65650680901931
02:12:01: ------------------------------------
02:12:01: trueRadar: 377.349034667969
02:12:01: safeThrust: 131.167739105225
02:12:01: maxDeceleration: 11.2688950341254
02:12:01: stopDistance: 291.414754424891
02:12:01: idealThrottle: 0.782341090500407
02:12:01: impactTime: 4.60747688255851
02:12:01: ------------------------------------
02:12:01: trueRadar: 367.669225097656
02:12:01: safeThrust: 131.15216217041
02:12:01: maxDeceleration: 11.2835085780371
02:12:01: stopDistance: 282.262151812167
02:12:01: idealThrottle: 0.77782898866772
02:12:01: impactTime: 4.55794145014431
02:12:01: ------------------------------------
02:12:01: trueRadar: 358.136510253906
02:12:01: safeThrust: 131.13684463501
02:12:01: maxDeceleration: 11.2981098679362
02:12:01: stopDistance: 273.365642637803
02:12:01: idealThrottle: 0.773476097451447
02:12:01: impactTime: 4.50791319454772
02:12:01: ------------------------------------
02:12:01: trueRadar: 348.749150634766
02:12:01: safeThrust: 131.121812438965
02:12:01: maxDeceleration: 11.3126558393555
02:12:02: stopDistance: 264.716972004273
02:12:02: idealThrottle: 0.769281271777032
02:12:02: impactTime: 4.45740282798051
02:12:02: ------------------------------------
02:12:02: trueRadar: 339.50558984375
02:12:02: safeThrust: 131.107026672363
02:12:02: maxDeceleration: 11.3271966985608
02:12:02: stopDistance: 256.306731791822
02:12:02: idealThrottle: 0.765238036034109
02:12:02: impactTime: 4.40642232859601
02:12:02: ------------------------------------
02:12:02: trueRadar: 330.404271484375
02:12:02: safeThrust: 131.092500305176
02:12:02: maxDeceleration: 11.3416888204383
02:12:02: stopDistance: 248.127341432563
02:12:02: idealThrottle: 0.761345319774288
02:12:02: impactTime: 4.35498287535235
02:12:02: ------------------------------------
02:12:02: trueRadar: 321.443669677734
02:12:02: safeThrust: 131.078246307373
02:12:02: maxDeceleration: 11.3561812098748
02:12:02: stopDistance: 240.170051788862
02:12:02: idealThrottle: 0.757596805471904
02:12:02: impactTime: 4.30309712768283
02:12:02: ------------------------------------
02:12:02: trueRadar: 312.622319580078
02:12:02: safeThrust: 131.064238739014
02:12:02: maxDeceleration: 11.3706271032785
02:12:02: stopDistance: 232.428506196159
02:12:02: idealThrottle: 0.753993264977403
02:12:02: impactTime: 4.25077136634674
02:12:02: ------------------------------------
02:12:02: trueRadar: 303.938847900391
02:12:02: safeThrust: 131.050477600098
02:12:02: maxDeceleration: 11.3850833741764
02:12:02: stopDistance: 224.894316206766
02:12:02: idealThrottle: 0.750527461274309
02:12:02: impactTime: 4.19802078085814
02:12:02: ------------------------------------
02:12:02: trueRadar: 295.391911865234
02:12:02: safeThrust: 131.036962890625
02:12:02: maxDeceleration: 11.3995008328201
02:12:02: stopDistance: 217.561252022581
02:12:02: idealThrottle: 0.747198572056925
02:12:02: impactTime: 4.14485676662244
02:12:02: ------------------------------------
02:12:02: trueRadar: 286.98019921875
02:12:02: safeThrust: 131.023694610596
02:12:02: maxDeceleration: 11.413910327312
02:12:02: stopDistance: 210.422204339737
02:12:02: idealThrottle: 0.744002106565889
02:12:02: impactTime: 4.09129040014118
02:12:02: ------------------------------------
02:12:02: trueRadar: 278.702672363281
02:12:02: safeThrust: 131.01067276001
02:12:02: maxDeceleration: 11.4283215453931
02:12:02: stopDistance: 203.470658857665
02:12:02: idealThrottle: 0.740933913861071
02:12:02: impactTime: 4.03733397812779
02:12:03: ------------------------------------
02:12:03: trueRadar: 270.557927490234
02:12:03: safeThrust: 130.997884368896
02:12:03: maxDeceleration: 11.4427092461785
02:12:03: stopDistance: 196.701593789625
02:12:03: idealThrottle: 0.737995253086876
02:12:03: impactTime: 3.98299650946658
02:12:03: ------------------------------------
02:12:03: trueRadar: 262.544927001953
02:12:03: safeThrust: 130.985316467285
02:12:03: maxDeceleration: 11.4570957954881
02:12:03: stopDistance: 190.108106893216
02:12:03: idealThrottle: 0.735179030738778
02:12:03: impactTime: 3.9282910827547
02:12:03: ------------------------------------
02:12:03: trueRadar: 254.662602783203
02:12:03: safeThrust: 130.972982025146
02:12:03: maxDeceleration: 11.4714897730421
02:12:03: stopDistance: 183.685122613452
02:12:03: idealThrottle: 0.732484277218406
02:12:03: impactTime: 3.87322734532506
02:12:03: ------------------------------------
02:12:03: trueRadar: 246.909749389648
02:12:03: safeThrust: 130.960894012451
02:12:03: maxDeceleration: 11.4858552198715
02:12:03: stopDistance: 177.42781860967
02:12:03: idealThrottle: 0.729910361509537
02:12:03: impactTime: 3.81781563921129
02:12:03: ------------------------------------
02:12:03: trueRadar: 239.285603881836
02:12:03: safeThrust: 130.949026489258
02:12:03: maxDeceleration: 11.5002438872357
02:12:03: stopDistance: 171.33031518979
02:12:03: idealThrottle: 0.727450928796836
02:12:03: impactTime: 3.7620701705084
02:12:03: ------------------------------------
02:12:03: trueRadar: 231.789098144531
02:12:03: safeThrust: 130.937366485596
02:12:03: maxDeceleration: 11.5146105903996
02:12:03: stopDistance: 165.388451786929
02:12:03: idealThrottle: 0.725106810781741
02:12:03: impactTime: 3.70599882504821
02:12:03: ------------------------------------
02:12:03: trueRadar: 224.419270874023
02:12:03: safeThrust: 130.925939941406
02:12:03: maxDeceleration: 11.5290041249263
02:12:03: stopDistance: 159.596850504862
02:12:03: idealThrottle: 0.722871792575604
02:12:03: impactTime: 3.64961579278737
02:12:03: ------------------------------------
02:12:03: trueRadar: 217.175420166016
02:12:03: safeThrust: 130.914733886719
02:12:03: maxDeceleration: 11.5433908155145
02:12:03: stopDistance: 153.952131572896
02:12:03: idealThrottle: 0.720748148614143
02:12:03: impactTime: 3.59292981901284
02:12:03: ------------------------------------
02:12:04: trueRadar: 210.056569458008
02:12:04: safeThrust: 130.903735351562
02:12:04: maxDeceleration: 11.5577817033703
02:12:04: stopDistance: 148.449366026305
02:12:04: idealThrottle: 0.718730741554161
02:12:04: impactTime: 3.53595089842399
02:12:04: ------------------------------------
02:12:04: trueRadar: 203.062001586914
02:12:04: safeThrust: 130.892944335938
02:12:04: maxDeceleration: 11.5721883522693
02:12:04: stopDistance: 143.084840921047
02:12:04: idealThrottle: 0.716818260806045
02:12:04: impactTime: 3.47869195303322
02:12:04: ------------------------------------
02:12:04: trueRadar: 196.190907836914
02:12:04: safeThrust: 130.882373809814
02:12:04: maxDeceleration: 11.5866044980593
02:12:04: stopDistance: 137.854193565083
02:12:04: idealThrottle: 0.715005801479419
02:12:04: impactTime: 3.4211648374699
02:12:04: ------------------------------------
02:12:04: trueRadar: 189.442708374023
02:12:04: safeThrust: 130.872010803223
02:12:04: maxDeceleration: 11.6011983103985
02:12:04: stopDistance: 132.752798013393
02:12:04: idealThrottle: 0.713285951747724
02:12:04: impactTime: 3.36337698366228
02:12:04: ------------------------------------
02:12:04: trueRadar: 182.816640258789
02:12:04: safeThrust: 130.861855316162
02:12:04: maxDeceleration: 11.615650959794
02:12:04: stopDistance: 127.780787761277
02:12:04: idealThrottle: 0.711675679996532
02:12:04: impactTime: 3.30533827978244
02:12:04: ------------------------------------
02:12:04: trueRadar: 176.312123657227
02:12:04: safeThrust: 130.851907348633
02:12:04: maxDeceleration: 11.6301057814728
02:12:04: stopDistance: 122.932702787049
02:12:04: idealThrottle: 0.710161629074364
02:12:04: impactTime: 3.24706223720009
02:12:04: ------------------------------------
02:12:04: trueRadar: 169.928532958984
02:12:04: safeThrust: 130.842153930664
02:12:04: maxDeceleration: 11.6445773195733
02:12:04: stopDistance: 118.205426575105
02:12:04: idealThrottle: 0.708742616719191
02:12:04: impactTime: 3.18855685513352
02:12:04: ------------------------------------
02:12:04: trueRadar: 163.665288330078
02:12:04: safeThrust: 130.832608032227
02:12:04: maxDeceleration: 11.6590727047627
02:12:04: stopDistance: 113.595908104355
02:12:04: idealThrottle: 0.707416016165754
02:12:04: impactTime: 3.12983447194214
02:12:04: ------------------------------------
02:12:04: trueRadar: 157.521947265625
02:12:04: safeThrust: 130.82325668335
02:12:04: maxDeceleration: 11.6735881138431
02:12:05: stopDistance: 109.101284567661
02:12:05: idealThrottle: 0.706179755289567
02:12:05: impactTime: 3.07090578077886
02:12:05: ------------------------------------
02:12:05: trueRadar: 151.497975708008
02:12:05: safeThrust: 130.814112854004
02:12:05: maxDeceleration: 11.6881307088426
02:12:05: stopDistance: 104.718911026012
02:12:05: idealThrottle: 0.705032432480924
02:12:05: impactTime: 3.01178060202806
02:12:05: ------------------------------------
02:12:05: trueRadar: 145.592931152344
02:12:05: safeThrust: 130.805150604248
02:12:05: maxDeceleration: 11.7026945394275
02:12:05: stopDistance: 100.446162130173
02:12:05: idealThrottle: 0.70397193420428
02:12:05: impactTime: 2.95246856879935
02:12:05: ------------------------------------
02:12:05: trueRadar: 139.751271606445
02:12:05: safeThrust: 130.796395874023
02:12:05: maxDeceleration: 11.7172923078477
02:12:05: stopDistance: 96.279337343678
02:12:05: idealThrottle: 0.703270007208684
02:12:05: impactTime: 2.89184280566261
02:12:05: ------------------------------------
02:12:05: trueRadar: 134.082967163086
02:12:05: safeThrust: 130.787835693359
02:12:05: maxDeceleration: 11.7319286764529
02:12:05: stopDistance: 92.216194992134
02:12:05: idealThrottle: 0.702369366137143
02:12:05: impactTime: 2.83220296387668
02:12:05: ------------------------------------
02:12:05: trueRadar: 128.532521606445
02:12:05: safeThrust: 130.779457092285
02:12:05: maxDeceleration: 11.7465947857491
02:12:05: stopDistance: 88.2558748911986
02:12:05: idealThrottle: 0.701549330063891
02:12:05: impactTime: 2.77240947416059
02:12:05: ------------------------------------
02:12:05: trueRadar: 123.099614501953
02:12:05: safeThrust: 130.771273040771
02:12:05: maxDeceleration: 11.7612877066887
02:12:05: stopDistance: 84.3968223515532
02:12:05: idealThrottle: 0.700812152652876
02:12:05: impactTime: 2.71246635212454
02:12:05: ------------------------------------
02:12:05: trueRadar: 117.78399407959
02:12:05: safeThrust: 130.763283538818
02:12:05: maxDeceleration: 11.7760414253889
02:12:05: stopDistance: 80.6363251852684
02:12:05: idealThrottle: 0.700149715653988
02:12:05: impactTime: 2.65238937790688
02:12:05: ------------------------------------
02:12:05: trueRadar: 112.585393310547
02:12:05: safeThrust: 130.755488586426
02:12:05: maxDeceleration: 11.7909139437468
02:12:05: stopDistance: 76.9732503790982
02:12:05: idealThrottle: 0.69956653963807
02:12:05: impactTime: 2.5921682761182
02:12:06: ------------------------------------
02:12:06: trueRadar: 107.503583312988
02:12:06: safeThrust: 130.747862243652
02:12:06: maxDeceleration: 11.8058434383518
02:12:06: stopDistance: 73.4056506023479
02:12:06: idealThrottle: 0.699058986971115
02:12:06: impactTime: 2.53183397842974
02:12:06: ------------------------------------
02:12:06: trueRadar: 102.538342834473
02:12:06: safeThrust: 130.740430450439
02:12:06: maxDeceleration: 11.820682470579
02:12:06: stopDistance: 69.9326690214452
02:12:06: idealThrottle: 0.698632563114998
02:12:06: impactTime: 2.47138657989935
02:12:06: ------------------------------------
02:12:06: trueRadar: 97.6894506225586
02:12:06: safeThrust: 130.733180236816
02:12:06: maxDeceleration: 11.8355582653434
02:12:06: stopDistance: 66.552156067214
02:12:06: idealThrottle: 0.698280430245866
02:12:06: impactTime: 2.41083464084241
02:12:06: ------------------------------------
02:12:06: Lock throttle to 0.692248680270029
02:12:06: trueRadar: 92.1793721923828
02:12:06: safeThrust: 130.724970245361
02:12:06: maxDeceleration: 11.8529705430867
02:12:06: stopDistance: 62.7236144226856
02:12:06: idealThrottle: 0.697965620103757
02:12:06: impactTime: 2.34006735561625
02:12:06: ------------------------------------
02:12:06: Lock throttle to 0.691813314960609
02:12:06: trueRadar: 86.8273595581055
02:12:06: safeThrust: 130.71700668335
02:12:06: maxDeceleration: 11.8705087888668
02:12:06: stopDistance: 59.0163125149205
02:12:06: idealThrottle: 0.69774100541439
02:12:06: impactTime: 2.26919121428352
02:12:06: ------------------------------------
02:12:06: Lock throttle to 0.691448544684514
02:12:06: trueRadar: 81.6332677612305
02:12:06: safeThrust: 130.709276580811
02:12:06: maxDeceleration: 11.8881781822031
02:12:06: stopDistance: 55.4287940141855
02:12:06: idealThrottle: 0.697607726635578
02:12:06: impactTime: 2.19821465997011
02:12:06: ------------------------------------
02:12:06: Lock throttle to 0.691172972171974
02:12:06: trueRadar: 76.5969899902344
02:12:06: safeThrust: 130.701805877686
02:12:06: maxDeceleration: 11.9058923467031
02:12:06: stopDistance: 51.9600400382238
02:12:06: idealThrottle: 0.697572811217648
02:12:06: impactTime: 2.12714418942834
02:12:06: ------------------------------------
02:12:06: Lock throttle to 0.690975716361284
02:12:06: trueRadar: 71.7185338745117
02:12:07: safeThrust: 130.694568634033
02:12:07: maxDeceleration: 11.9236625244097
02:12:07: stopDistance: 48.6085663328119
02:12:07: idealThrottle: 0.697636313577738
02:12:07: impactTime: 2.05599246607627
02:12:07: ------------------------------------
02:12:07: Lock throttle to 0.690860095270311
02:12:07: trueRadar: 66.997907043457
02:12:07: safeThrust: 130.687590789795
02:12:07: maxDeceleration: 11.941503503183
02:12:07: stopDistance: 45.372723357903
02:12:07: idealThrottle: 0.69779416568373
02:12:07: impactTime: 1.98477585913172
02:12:07: ------------------------------------
02:12:07: Lock throttle to 0.6908172858768
02:12:07: trueRadar: 62.4350942382813
02:12:07: safeThrust: 130.680846405029
02:12:07: maxDeceleration: 11.9594232434616
02:12:07: stopDistance: 42.2508249280404
02:12:07: idealThrottle: 0.698038242031866
02:12:07: impactTime: 1.91351141212176
02:12:07: ------------------------------------
02:12:07: Lock throttle to 0.690843410090717
02:12:07: trueRadar: 58.0302404174805
02:12:07: safeThrust: 130.674335479736
02:12:07: maxDeceleration: 11.9774306342571
02:12:07: stopDistance: 39.2421778334528
02:12:07: idealThrottle: 0.69837318230818
02:12:07: impactTime: 1.84220673835557
02:12:07: ------------------------------------
02:12:07: Lock throttle to 0.690937689345401
02:12:07: trueRadar: 53.7835439453125
02:12:07: safeThrust: 130.668083953857
02:12:07: maxDeceleration: 11.9955424236767
02:12:07: stopDistance: 36.345938758993
02:12:07: idealThrottle: 0.698799887877336
02:12:07: impactTime: 1.77087180522095
02:12:07: ------------------------------------
02:12:07: Lock throttle to 0.691098097197046
02:12:07: trueRadar: 49.6950811157227
02:12:07: safeThrust: 130.66205291748
02:12:07: maxDeceleration: 12.0137594143404
02:12:07: stopDistance: 33.561267742298
02:12:07: idealThrottle: 0.699318996057216
02:12:07: impactTime: 1.69951523983455
02:12:07: ------------------------------------
02:12:07: Lock throttle to 0.691320685585043
02:12:07: trueRadar: 45.7650998840332
02:12:07: safeThrust: 130.656294250488
02:12:07: maxDeceleration: 12.0321098006511
02:12:07: stopDistance: 30.8872009553863
02:12:07: idealThrottle: 0.699923252630489
02:12:07: impactTime: 1.62815680614032
02:12:07: ------------------------------------
02:12:07: Lock throttle to 0.691597008449487
02:12:07: trueRadar: 41.9938863525391
02:12:07: safeThrust: 130.650756072998
02:12:07: maxDeceleration: 12.050592373528
02:12:08: stopDistance: 28.3233989457245
02:12:08: idealThrottle: 0.700617649490935
02:12:08: impactTime: 1.55680282421644
02:12:08: ------------------------------------
02:12:08: Lock throttle to 0.691929852280425
02:12:08: trueRadar: 38.3817075500488
02:12:08: safeThrust: 130.64545135498
02:12:08: maxDeceleration: 12.0692395183659
02:12:08: stopDistance: 25.869512295172
02:12:08: idealThrottle: 0.701405159746793
02:12:08: impactTime: 1.48545872481297
02:12:08: ------------------------------------
02:12:08: Lock throttle to 0.692310740615247
02:12:08: trueRadar: 34.9289182434082
02:12:08: safeThrust: 130.640406036377
02:12:08: maxDeceleration: 12.0880772642704
02:12:08: stopDistance: 23.5249997173087
02:12:08: idealThrottle: 0.702280274322525
02:12:08: impactTime: 1.41414424761315
02:12:08: ------------------------------------
02:12:08: Lock throttle to 0.692735433449022
02:12:08: trueRadar: 31.6358579406738
02:12:08: safeThrust: 130.635581207275
02:12:08: maxDeceleration: 12.107124438563
02:12:08: stopDistance: 21.2898303891407
02:12:08: idealThrottle: 0.703249191548761
02:12:08: impactTime: 1.34286335408522
02:12:08: ------------------------------------
02:12:08: Lock throttle to 0.693197769125051
02:12:08: trueRadar: 28.5029233703613
02:12:08: safeThrust: 130.631002807617
02:12:08: maxDeceleration: 12.1264267276962
02:12:08: stopDistance: 19.1638764443384
02:12:08: idealThrottle: 0.704312025854379
02:12:08: impactTime: 1.27163217171848
02:12:08: ------------------------------------
02:12:08: Lock throttle to 0.69369522300167
02:12:08: trueRadar: 25.5305265197754
02:12:08: safeThrust: 130.626670837402
02:12:08: maxDeceleration: 12.1459888259278
02:12:08: stopDistance: 17.1473381978385
02:12:08: idealThrottle: 0.705480488807624
02:12:08: impactTime: 1.20045487938942
02:12:08: ------------------------------------
02:12:08: Lock throttle to 0.694223148670941
02:12:08: trueRadar: 22.7191346893311
02:12:08: safeThrust: 130.622559356689
02:12:08: maxDeceleration: 12.1657864256816
02:12:08: stopDistance: 15.2402457942858
02:12:08: idealThrottle: 0.70675632938426
02:12:08: impactTime: 1.12934458935201
02:12:08: ------------------------------------
02:12:08: Lock throttle to 0.694780796385895
02:12:08: trueRadar: 20.0692247161865
02:12:08: safeThrust: 130.618707275391
02:12:08: maxDeceleration: 12.1857529991689
02:12:08: stopDistance: 13.4431348075418
02:12:09: idealThrottle: 0.708163292502854
02:12:09: impactTime: 1.05831052043542
02:12:09: ------------------------------------
02:12:09: Lock throttle to 0.695368470889917
02:12:09: trueRadar: 17.5812925109863
02:12:09: safeThrust: 130.615075683594
02:12:09: maxDeceleration: 12.2057588448401
02:12:09: stopDistance: 11.7563351287643
02:12:09: idealThrottle: 0.709720451141043
02:12:09: impactTime: 0.987363309877911
02:12:09: ------------------------------------
02:12:09: Lock throttle to 0.695981898794718
02:12:09: trueRadar: 15.25585496521
02:12:09: safeThrust: 130.611703491211
02:12:09: maxDeceleration: 12.2256527731042
02:12:09: stopDistance: 10.180106601335
02:12:09: idealThrottle: 0.711441666851573
02:12:09: impactTime: 0.916525091033907
02:12:09: ------------------------------------
02:12:09: Lock throttle to 0.696618076033827
02:12:09: trueRadar: 13.0934747467041
02:12:09: safeThrust: 130.60855178833
02:12:09: maxDeceleration: 12.245379428438
02:12:09: stopDistance: 8.71520406836316
02:12:09: idealThrottle: 0.713379071731115
02:12:09: impactTime: 0.845792503217732
02:12:09: ------------------------------------
02:12:09: Lock throttle to 0.697274237465025
02:12:09: trueRadar: 11.0947088012695
02:12:09: safeThrust: 130.605659484863
02:12:09: maxDeceleration: 12.2649513931329
02:12:09: stopDistance: 7.36180066171961
02:12:09: idealThrottle: 0.715553596124364
02:12:09: impactTime: 0.775185621094038
02:12:09: ------------------------------------
02:12:09: Lock throttle to 0.697925067393291
02:12:09: trueRadar: 9.26004731750488
02:12:09: safeThrust: 130.602987670898
02:12:09: maxDeceleration: 12.2844537139648
02:12:09: stopDistance: 6.12050869063617
02:12:09: idealThrottle: 0.71801891994471
02:12:09: impactTime: 0.704719382827709
02:12:09: ------------------------------------
02:12:09: Lock throttle to 0.698557772110213
02:12:09: trueRadar: 7.59016168212891
02:12:09: safeThrust: 130.600562286377
02:12:09: maxDeceleration: 12.3038009453338
02:12:09: stopDistance: 4.99184037212283
02:12:09: idealThrottle: 0.720837957277086
02:12:09: impactTime: 0.634417618638067
02:12:09: ------------------------------------
02:12:09: Lock throttle to 0.699116418365804
02:12:09: trueRadar: 6.08555448150635
02:12:09: safeThrust: 130.598383331299
02:12:09: maxDeceleration: 12.3232782311842
02:12:09: stopDistance: 3.97644605991854
02:12:09: idealThrottle: 0.724112254520344
02:12:09: impactTime: 0.564297607045955
02:12:09: ------------------------------------
02:12:10: Lock throttle to 0.699566401825258
02:12:10: trueRadar: 4.74681413269043
02:12:10: safeThrust: 130.596437835693
02:12:10: maxDeceleration: 12.3428408610278
02:12:10: stopDistance: 3.07517628561047
02:12:10: idealThrottle: 0.728025781560956
02:12:10: impactTime: 0.494384744770636
02:12:10: ------------------------------------
02:12:10: Lock throttle to 0.699874611928515
02:12:10: trueRadar: 3.57440316772461
02:12:10: safeThrust: 130.594751739502
02:12:10: maxDeceleration: 12.3624970876924
02:12:10: stopDistance: 2.28881047588225
02:12:10: idealThrottle: 0.732889401707359
02:12:10: impactTime: 0.424707236276546
02:12:10: ------------------------------------
02:12:10: Lock throttle to 0.69992111701013
02:12:10: trueRadar: 2.56873452758789
02:12:10: safeThrust: 130.593299102783
02:12:10: maxDeceleration: 12.3822302070146
02:12:10: stopDistance: 1.61808669219892
02:12:10: idealThrottle: 0.739225161742677
02:12:10: impactTime: 0.355318531297573
02:12:10: ------------------------------------
02:12:10: Lock throttle to 0.699563498375868
02:12:10: trueRadar: 1.73010099029541
02:12:10: safeThrust: 130.592079925537
02:12:10: maxDeceleration: 12.4022205758904
02:12:10: stopDistance: 1.06365351708418
02:12:10: idealThrottle: 0.748061565546303
02:12:10: impactTime: 0.286287900308482
02:12:10: ------------------------------------
02:12:10: Lock throttle to 0.698540336983779
02:12:10: trueRadar: 1.05859792327881
02:12:10: safeThrust: 130.591094207764
02:12:10: maxDeceleration: 12.4223592995814
02:12:10: stopDistance: 0.626073678224124
02:12:10: idealThrottle: 0.761701243889428
02:12:10: impactTime: 0.217773768229086
02:12:10: ------------------------------------
02:12:10: Lock throttle to 0.695813910871072
02:12:10: trueRadar: 0.553954483032227
02:12:10: safeThrust: 130.590367889404
02:12:10: maxDeceleration: 12.4430112081454
02:12:10: stopDistance: 0.30541577878811
02:12:10: idealThrottle: 0.786033719193483
02:12:10: impactTime: 0.150098637685527
02:12:10: ------------------------------------
02:12:10: Lock throttle to 0.68901571698971
02:12:10: trueRadar: 0.214968086242676
02:12:10: safeThrust: 130.589888000488
02:12:10: maxDeceleration: 12.4641078951084
02:12:10: stopDistance: 0.101093028061495
02:12:10: idealThrottle: 0.844540978402767
02:12:10: impactTime: 0.0840761651220286
02:12:10: ------------------------------------
02:12:11: Lock throttle to 0.661462147121784
02:12:11: trueRadar: 0.0379623184204103
02:12:11: safeThrust: 130.589628601074
02:12:11: maxDeceleration: 12.48494846747
02:12:11: stopDistance: 0.00951486002076735
02:12:11: idealThrottle: 1.11290483673572
02:12:11: impactTime: 0.0244691593477463
02:12:11: ------------------------------------
02:12:11: Lock throttle to 0.238606213375282
02:12:11: trueRadar: -0.00108539962768539
02:12:11: safeThrust: 130.589576721191
02:12:11: maxDeceleration: 12.5010333348143
02:12:11: stopDistance: 0.00482560623252794
02:12:11: idealThrottle: -0.219122973741145
02:12:11: impactTime: -0.0405768566091562
02:12:11: ------------------------------------
02:12:11: Lock throttle to -0.650818425079405
02:12:11: trueRadar: -0.104783176422119
02:12:11: safeThrust: 130.589421081543
02:12:11: maxDeceleration: 12.5028880687359
02:12:11: stopDistance: 0.116815981189116
02:12:11: idealThrottle: -0.563256959403201
02:12:11: impactTime: -0.109545063986447
02:12:11: ------------------------------------
02:12:11: State: landed
